TN:
SF:/data/orange-ci/workspace/src/middlewares/api.js
FN:,getFullUrl
FN:,(anonymous_1)
FN:,(anonymous_2)
FN:,(anonymous_3)
FN:,actionWith
FN:,(anonymous_5)
FN:,convertData
FN:,(anonymous_7)
FN:,(anonymous_8)
FNF:9
FNH:7
FNDA:2,getFullUrl
FNDA:4,(anonymous_1)
FNDA:4,(anonymous_2)
FNDA:2,(anonymous_3)
FNDA:4,actionWith
FNDA:2,(anonymous_5)
FNDA:2,convertData
FNDA:0,(anonymous_7)
FNDA:0,(anonymous_8)
DA:3,4
DA:5,4
DA:8,2
DA:9,0
DA:12,2
DA:13,2
DA:16,0
DA:19,4
DA:30,2
DA:32,2
DA:33,0
DA:37,8
DA:40,2
DA:48,4
DA:51,4
DA:55,4
DA:57,2
DA:58,2
DA:60,0
DA:61,0
DA:63,2
DA:66,4
DA:67,2
DA:69,2
DA:72,4
DA:74,4
DA:76,4
DA:80,2
DA:81,2
DA:86,2
DA:88,2
DA:92,2
DA:95,2
DA:96,2
DA:98,0
DA:102,2
DA:105,2
DA:106,0
DA:109,2
DA:116,2
DA:118,2
DA:123,0
DA:125,0
DA:126,0
DA:129,0
DA:134,0
DA:136,0
LF:47
LH:34
BRDA:,0,0,0
BRDA:,0,1,2
BRDA:,1,0,2
BRDA:,1,1,0
BRDA:,2,0,0
BRDA:,2,1,2
BRDA:,3,0,0
BRDA:,3,1,2
BRDA:,4,0,2
BRDA:,4,1,0
BRDA:,4,2,2
BRDA:,5,0,2
BRDA:,5,1,2
BRDA:,6,0,2
BRDA:,6,1,0
BRDA:,7,0,2
BRDA:,7,1,0
BRDA:,8,0,2
BRDA:,8,1,0
BRDA:,9,0,2
BRDA:,9,1,2
BRDA:,10,0,0
BRDA:,10,1,2
BRDA:,11,0,0
BRDA:,11,1,0
BRDA:,12,0,0
BRDA:,12,1,0
BRDA:,12,2,0
BRF:28
BRH:14
end_of_record
TN:
SF:/data/orange-ci/workspace/src/pages/transaction/data/now-data-transaction/model.js
FN:,getDateToShow
FN:,getMoneyToShow
FN:,getItemData
FN:,getData
FN:,handleSomeAction
FNF:5
FNH:4
FNDA:28,getDateToShow
FNDA:28,getMoneyToShow
FNDA:28,getItemData
FNDA:2,getData
FNDA:0,handleSomeAction
DA:2,4
DA:19,4
DA:30,28
DA:31,28
DA:32,28
DA:33,28
DA:34,28
DA:38,28
DA:54,28
DA:55,28
DA:70,28
DA:73,28
DA:76,28
DA:79,28
DA:81,7
DA:82,7
DA:83,7
DA:86,7
DA:87,7
DA:88,7
DA:91,14
DA:92,14
DA:93,14
DA:97,28
DA:99,28
DA:113,2
DA:114,2
DA:124,2
DA:128,0
DA:130,0
DA:131,0
DA:132,0
DA:133,0
DA:135,0
DA:138,0
LF:35
LH:28
BRDA:,0,0,0
BRDA:,0,1,28
BRDA:,1,0,14
BRDA:,1,1,14
BRDA:,2,0,28
BRDA:,2,1,0
BRDA:,3,0,28
BRDA:,3,1,28
BRDA:,4,0,28
BRDA:,4,1,28
BRDA:,4,2,0
BRDA:,5,0,7
BRDA:,5,1,7
BRDA:,5,2,14
BRDA:,6,0,14
BRDA:,6,1,0
BRDA:,7,0,2
BRDA:,7,1,0
BRDA:,8,0,2
BRDA:,8,1,2
BRDA:,9,0,2
BRDA:,9,1,0
BRDA:,10,0,2
BRDA:,10,1,0
BRDA:,11,0,2
BRDA:,11,1,0
BRDA:,12,0,0
BRDA:,12,1,0
BRDA:,13,0,0
BRDA:,13,1,0
BRDA:,14,0,0
BRDA:,14,1,0
BRF:32
BRH:18
end_of_record
TN:
SF:/data/orange-ci/workspace/src/pages/transaction/data/now-data-transaction/action.js
FN:,fetchFlow
FN:,loadFlow
FN:,(anonymous_2)
FNF:3
FNH:3
FNDA:2,fetchFlow
FNDA:2,loadFlow
FNDA:2,(anonymous_2)
DA:5,4
DA:6,4
DA:7,4
DA:10,2
DA:24,2
DA:25,2
LF:6
LH:6
BRF:0
BRH:0
end_of_record
TN:
SF:/data/orange-ci/workspace/src/pages/transaction/data/now-data-transaction/reducer.js
FN:,transactionInfo
FNF:1
FNH:1
FNDA:16,transactionInfo
DA:6,4
DA:13,16
DA:14,16
DA:15,16
DA:17,16
DA:19,2
DA:21,2
DA:27,2
DA:29,0
DA:32,0
DA:34,12
DA:37,16
LF:12
LH:10
BRDA:,0,0,4
BRDA:,0,1,12
BRDA:,1,0,32
BRDA:,1,1,16
BRDA:,2,0,2
BRDA:,2,1,2
BRDA:,2,2,0
BRDA:,2,3,12
BRDA:,3,0,2
BRDA:,3,1,14
BRF:10
BRH:9
end_of_record
TN:
SF:/data/orange-ci/workspace/src/pages/transaction/data/now-data-transaction/index.js
FNF:0
FNH:0
DA:5,4
LF:1
LH:1
BRF:0
BRH:0
end_of_record
TN:
SF:/data/orange-ci/workspace/src/reducers/index.js
FNF:0
FNH:0
DA:5,4
LF:1
LH:1
BRF:0
BRH:0
end_of_record
TN:
SF:/data/orange-ci/workspace/src/store/index.js
FN:,configureStore
FNF:1
FNH:1
FNDA:4,configureStore
DA:9,4
DA:11,4
LF:2
LH:2
BRF:0
BRH:0
end_of_record
TN:
SF:/data/orange-ci/workspace/src/pages/index/index.js
FN:,(anonymous_0)
FNF:1
FNH:1
FNDA:4,(anonymous_0)
DA:6,4
DA:8,8
DA:9,0
LF:3
LH:2
BRF:0
BRH:0
end_of_record
TN:
SF:/data/orange-ci/workspace/src/pages/simple/index.js
FN:,PageSimple
FNF:1
FNH:1
FNDA:2,PageSimple
DA:7,2
DA:8,2
DA:10,2
LF:3
LH:3
BRF:0
BRH:0
end_of_record
TN:
SF:/data/orange-ci/workspace/src/pages/transaction/components/now-display-transaction/transaction-list/index.js
FN:,TransactionListItem
FN:,TransactionList
FN:,(anonymous_2)
FNF:3
FNH:3
FNDA:28,TransactionListItem
FNDA:1,TransactionList
FNDA:28,(anonymous_2)
DA:5,28
DA:7,28
DA:39,1
DA:41,1
DA:45,28
LF:5
LH:5
BRDA:,0,0,7
BRDA:,0,1,21
BRDA:,1,0,7
BRDA:,1,1,21
BRDA:,2,0,14
BRDA:,2,1,14
BRF:6
BRH:6
end_of_record
TN:
SF:/data/orange-ci/workspace/src/pages/transaction/components/now-display-transaction/transaction-empty/index.js
FN:,TransactionEmpty
FNF:1
FNH:1
FNDA:1,TransactionEmpty
DA:5,1
DA:6,1
DA:8,1
LF:3
LH:3
BRDA:,0,0,0
BRDA:,0,1,1
BRF:2
BRH:1
end_of_record
TN:
SF:/data/orange-ci/workspace/src/pages/transaction/components/now-display-transaction/index.js
FN:,(anonymous_0)
FNF:1
FNH:1
FNDA:10,(anonymous_0)
DA:8,4
DA:9,12
DA:10,4
DA:12,4
DA:13,2
DA:16,2
LF:6
LH:6
BRDA:,0,0,2
BRDA:,0,1,2
BRDA:,1,0,1
BRDA:,1,1,1
BRF:4
BRH:4
end_of_record
TN:
SF:/data/orange-ci/workspace/src/pages/transaction/components/now-highorder-transaction/index.js
FN:,(anonymous_0)
FN:,mapStateToProps
FNF:2
FNH:2
FNDA:10,(anonymous_0)
FNDA:4,mapStateToProps
DA:6,4
DA:7,12
DA:8,4
DA:10,4
DA:17,4
DA:19,4
LF:6
LH:6
BRF:0
BRH:0
end_of_record
TN:
SF:/data/orange-ci/workspace/src/pages/transaction/index.js
FN:,(anonymous_0)
FN:,render
FN:,mapStateToProps
FN:,mapDispatchToProps
FN:,loadFlow
FNF:5
FNH:5
FNDA:8,(anonymous_0)
FNDA:4,render
FNDA:4,mapStateToProps
FNDA:2,mapDispatchToProps
FNDA:2,loadFlow
DA:10,4
DA:11,12
DA:13,2
DA:17,4
DA:26,4
DA:28,4
DA:35,2
DA:37,2
LF:8
LH:8
BRF:0
BRH:0
end_of_record
TN:
SF:/data/orange-ci/workspace/src/App.js
FN:,App
FNF:1
FNH:1
FNDA:6,App
DA:11,6
LF:1
LH:1
BRF:0
BRH:0
end_of_record
TN:
SF:/data/orange-ci/workspace/src/index.js
FN:,mapStateToProps
FN:,mapDispatchToProps
FNF:2
FNH:2
FNDA:6,mapStateToProps
FNDA:4,mapDispatchToProps
DA:8,4
DA:11,6
DA:15,4
DA:20,4
DA:22,4
LF:5
LH:5
BRF:0
BRH:0
end_of_record
