TN:
SF:/Users/wangjinquan/Documents/Project/now-h5-personal-center/src/pages/verify-identity/business/window-gConfig/index.js
FNF:0
FNH:0
DA:1,73
DA:4,73
DA:5,0
DA:6,0
DA:14,73
DA:21,73
DA:22,73
LF:7
LH:5
BRDA:,0,0,0
BRDA:,0,1,73
BRDA:,1,0,0
BRDA:,1,1,0
BRDA:,2,0,0
BRDA:,2,1,0
BRDA:,3,0,73
BRDA:,3,1,0
BRF:8
BRH:2
end_of_record
TN:
SF:/Users/wangjinquan/Documents/Project/now-h5-personal-center/src/pages/verify-identity/business/report/config.js
FNF:0
FNH:0
DA:5,146
DA:17,146
DA:18,146
DA:26,146
DA:53,146
LF:5
LH:5
BRDA:,0,0,0
BRDA:,0,1,146
BRF:2
BRH:1
end_of_record
TN:
SF:/Users/wangjinquan/Documents/Project/now-h5-personal-center/src/business/base-inline-in-head/window-gTool.js
FN:,(anonymous_0)
FN:,getUserAgent
FN:,query
FN:,isPack
FN:,isNodeEnvProduction
FNF:5
FNH:5
FNDA:123,(anonymous_0)
FNDA:123,getUserAgent
FNDA:123,query
FNDA:246,isPack
FNDA:738,isNodeEnvProduction
DA:5,123
DA:8,123
DA:10,0
DA:11,0
DA:19,123
DA:21,123
DA:24,123
DA:26,123
DA:27,123
DA:28,123
DA:29,123
DA:30,123
DA:40,123
DA:51,246
DA:59,738
DA:66,123
DA:68,123
DA:82,123
DA:83,123
LF:19
LH:17
BRDA:,0,0,0
BRDA:,0,1,123
BRDA:,1,0,0
BRDA:,1,1,0
BRDA:,2,0,123
BRDA:,2,1,0
BRDA:,3,0,123
BRDA:,3,1,123
BRDA:,4,0,123
BRDA:,4,1,0
BRDA:,5,0,123
BRDA:,5,1,0
BRF:12
BRH:6
end_of_record
TN:
SF:/Users/wangjinquan/Documents/Project/now-h5-personal-center/src/business/base-inline-in-head/window-gReporter.js
FN:,(anonymous_0)
FN:,log
FN:,_recordTime
FN:,monitor
FN:,pageStart
FN:,pageCssReady
FN:,pageJsReady
FN:,pageMainStart
FN:,pageMainEnd
FN:,pageRenderEnd
FN:,pageIsomorphismRenderEnd
FNF:11
FNH:10
FNDA:123,(anonymous_0)
FNDA:861,log
FNDA:738,_recordTime
FNDA:123,monitor
FNDA:123,pageStart
FNDA:123,pageCssReady
FNDA:123,pageJsReady
FNDA:123,pageMainStart
FNDA:123,pageMainEnd
FNDA:123,pageRenderEnd
FNDA:0,pageIsomorphismRenderEnd
DA:5,123
DA:6,123
DA:14,1599
DA:15,861
DA:16,0
DA:19,861
DA:29,738
DA:30,738
DA:34,738
DA:47,123
DA:48,123
DA:49,0
DA:52,123
DA:61,123
DA:64,123
DA:66,123
DA:78,123
DA:81,123
DA:83,123
DA:95,123
DA:98,123
DA:100,123
DA:112,123
DA:124,123
DA:127,123
DA:129,123
DA:144,123
DA:147,123
DA:149,123
DA:161,0
DA:164,123
DA:178,123
DA:179,123
LF:33
LH:30
BRDA:,0,0,0
BRDA:,0,1,861
BRDA:,1,0,738
BRDA:,1,1,0
BRDA:,2,0,0
BRDA:,2,1,123
BRDA:,3,0,123
BRDA:,3,1,0
BRDA:,4,0,123
BRDA:,4,1,0
BRDA:,5,0,123
BRDA:,5,1,0
BRDA:,6,0,123
BRDA:,6,1,0
BRDA:,7,0,123
BRDA:,7,1,0
BRDA:,8,0,123
BRDA:,8,1,0
BRF:18
BRH:9
end_of_record
TN:
SF:/Users/wangjinquan/Documents/Project/now-h5-personal-center/src/business/base-report/badjs/index.js
FN:,init
FNF:1
FNH:1
FNDA:123,init
DA:1,123
DA:10,123
DA:12,123
LF:3
LH:3
BRDA:,0,0,0
BRDA:,0,1,123
BRDA:,1,0,123
BRDA:,1,1,0
BRF:4
BRH:2
end_of_record
TN:
SF:/Users/wangjinquan/Documents/Project/now-h5-personal-center/src/business/base-report/av-report/index.js
FN:,init
FN:,(anonymous_1)
FNF:2
FNH:1
FNDA:123,init
FNDA:0,(anonymous_1)
DA:6,123
DA:9,123
DA:11,0
DA:12,0
DA:23,123
DA:25,123
DA:26,123
DA:29,123
DA:30,123
DA:36,123
DA:37,0
DA:41,123
DA:42,123
DA:46,123
DA:55,0
LF:15
LH:11
BRDA:,0,0,0
BRDA:,0,1,123
BRDA:,1,0,0
BRDA:,1,1,0
BRDA:,2,0,0
BRDA:,2,1,0
BRDA:,3,0,123
BRDA:,3,1,0
BRDA:,4,0,123
BRDA:,4,1,123
BRDA:,5,0,123
BRDA:,5,1,0
BRDA:,6,0,123
BRDA:,6,1,0
BRDA:,7,0,0
BRDA:,7,1,123
BRDA:,8,0,123
BRDA:,8,1,0
BRF:18
BRH:8
end_of_record
TN:
SF:/Users/wangjinquan/Documents/Project/now-h5-personal-center/src/pages/verify-identity/init.js
FNF:0
FNH:0
DA:2,73
DA:5,73
DA:8,73
DA:11,73
LF:4
LH:4
BRF:0
BRH:0
end_of_record
TN:
SF:/Users/wangjinquan/Documents/Project/now-h5-personal-center/src/pages/verify-identity/index.js
FN:,PageContainer
FN:,(anonymous_9)
FN:,onReady
FNF:3
FNH:3
FNDA:73,PageContainer
FNDA:1389,(anonymous_9)
FNDA:73,onReady
DA:1,73
DA:3,73
DA:4,73
DA:6,73
DA:7,73
DA:12,146
DA:14,1389
DA:17,73
DA:34,73
DA:35,0
LF:10
LH:9
BRDA:,0,0,73
BRDA:,0,1,0
BRDA:,1,0,0
BRDA:,1,1,73
BRF:4
BRH:2
end_of_record
TN:
SF:/Users/wangjinquan/Documents/Project/now-h5-personal-center/src/containers/page-container.js
FN:,(anonymous_3)
FN:,PageContainer
FN:,_default
FN:,on
FN:,emit
FN:,onReady
FN:,init
FN:,(anonymous_16)
FNF:8
FNH:6
FNDA:369,(anonymous_3)
FNDA:123,PageContainer
FNDA:2262,_default
FNDA:0,on
FNDA:123,emit
FNDA:0,onReady
FNDA:123,init
FNDA:123,(anonymous_16)
DA:1,3813
DA:2,123
DA:4,123
DA:5,123
DA:7,123
DA:8,123
DA:9,123
DA:11,123
DA:22,123
DA:28,123
DA:37,123
DA:39,0
DA:41,0
DA:42,0
DA:50,2262
DA:53,123
DA:54,123
DA:58,123
DA:64,123
DA:65,123
DA:72,123
DA:75,123
DA:81,123
DA:85,0
DA:88,0
DA:89,123
DA:91,123
DA:92,0
DA:105,123
DA:106,123
DA:107,123
DA:108,123
DA:110,123
DA:114,123
DA:117,123
DA:118,123
DA:119,123
DA:121,123
DA:122,0
DA:128,123
DA:130,0
DA:132,0
DA:134,0
DA:137,0
LF:44
LH:33
BRDA:,0,0,1107
BRDA:,0,1,615
BRDA:,1,0,123
BRDA:,1,1,0
BRDA:,2,0,123
BRDA:,2,1,123
BRDA:,3,0,123
BRDA:,3,1,123
BRDA:,4,0,0
BRDA:,4,1,123
BRDA:,5,0,0
BRDA:,5,1,0
BRDA:,6,0,123
BRDA:,6,1,0
BRDA:,7,0,123
BRDA:,7,1,0
BRDA:,8,0,123
BRDA:,8,1,123
BRDA:,9,0,0
BRDA:,9,1,123
BRDA:,10,0,123
BRDA:,10,1,0
BRDA:,11,0,0
BRDA:,11,1,123
BRDA:,12,0,0
BRDA:,12,1,0
BRDA:,13,0,0
BRDA:,13,1,0
BRDA:,14,0,0
BRDA:,14,1,0
BRF:30
BRH:15
end_of_record
TN:
SF:/Users/wangjinquan/Documents/Project/now-h5-personal-center/src/pages/verify-identity/RootComponent.js
FN:,RootComponent
FN:,(anonymous_9)
FN:,componentDidMount
FN:,render
FNF:4
FNH:4
FNDA:73,RootComponent
FNDA:73,(anonymous_9)
FNDA:73,componentDidMount
FNDA:1389,render
DA:1,73
DA:3,73
DA:5,73
DA:7,73
DA:10,292
DA:13,73
DA:15,73
DA:20,73
DA:21,0
DA:25,73
DA:29,73
DA:30,0
DA:35,1389
LF:13
LH:11
BRDA:,0,0,73
BRDA:,0,1,0
BRDA:,1,0,0
BRDA:,1,1,73
BRDA:,2,0,73
BRDA:,2,1,0
BRDA:,3,0,0
BRDA:,3,1,73
BRF:8
BRH:4
end_of_record
TN:
SF:/Users/wangjinquan/Documents/Project/now-h5-personal-center/src/pages/verify-identity/components/now-highorder-verify-identity/index.js
FN:,(anonymous_9)
FN:,(anonymous_10)
FN:,(anonymous_11)
FN:,(anonymous_12)
FN:,(anonymous_13)
FN:,(anonymous_14)
FN:,(anonymous_15)
FN:,(anonymous_16)
FN:,componentDidMount
FN:,onEnter
FN:,reportGetVerifyCode
FN:,render
FN:,mapStateToProps
FN:,mapDispatchToProps
FN:,getVerifyCode
FNF:15
FNH:7
FNDA:0,(anonymous_9)
FNDA:0,(anonymous_10)
FNDA:0,(anonymous_11)
FNDA:0,(anonymous_12)
FNDA:0,(anonymous_13)
FNDA:49,(anonymous_14)
FNDA:45,(anonymous_15)
FNDA:0,(anonymous_16)
FNDA:73,componentDidMount
FNDA:0,onEnter
FNDA:0,reportGetVerifyCode
FNDA:1389,render
FNDA:1389,mapStateToProps
FNDA:73,mapDispatchToProps
FNDA:1271,getVerifyCode
DA:1,73
DA:2,73
DA:4,73
DA:5,73
DA:6,73
DA:8,73
DA:10,73
DA:12,73
DA:14,73
DA:22,73
DA:30,73
DA:35,73
DA:36,0
DA:37,0
DA:45,73
DA:53,0
DA:54,0
DA:64,0
DA:65,0
DA:68,0
DA:69,0
DA:70,0
DA:73,0
DA:77,0
DA:78,0
DA:79,0
DA:82,0
DA:86,0
DA:88,0
DA:90,0
DA:91,0
DA:95,0
DA:96,0
DA:99,0
DA:102,0
DA:104,0
DA:105,0
DA:108,0
DA:115,49
DA:116,49
DA:117,49
DA:120,49
DA:121,4
DA:122,0
DA:125,4
DA:129,45
DA:130,0
DA:131,0
DA:134,0
DA:138,45
DA:141,45
DA:142,3
DA:143,3
DA:147,45
DA:149,45
DA:151,45
DA:152,0
DA:156,45
DA:157,4
DA:158,4
DA:162,45
DA:164,9
DA:168,0
DA:170,0
DA:171,0
DA:177,0
DA:178,0
DA:182,1389
DA:190,1389
DA:192,1389
DA:208,1389
DA:210,1389
DA:217,73
DA:219,0
DA:223,0
DA:227,45
DA:231,165
DA:235,942
DA:239,66
DA:243,36
DA:247,9
DA:251,4
DA:255,4
LF:83
LH:46
BRDA:,0,0,73
BRDA:,0,1,0
BRDA:,1,0,0
BRDA:,1,1,0
BRDA:,2,0,0
BRDA:,2,1,0
BRDA:,3,0,0
BRDA:,3,1,0
BRDA:,4,0,0
BRDA:,4,1,0
BRDA:,5,0,0
BRDA:,5,1,0
BRDA:,5,2,0
BRDA:,6,0,0
BRDA:,6,1,0
BRDA:,7,0,0
BRDA:,7,1,0
BRDA:,8,0,0
BRDA:,8,1,0
BRDA:,8,2,0
BRDA:,9,0,0
BRDA:,9,1,0
BRDA:,10,0,4
BRDA:,10,1,45
BRDA:,11,0,0
BRDA:,11,1,4
BRDA:,12,0,0
BRDA:,12,1,45
BRDA:,13,0,0
BRDA:,13,1,0
BRDA:,14,0,3
BRDA:,14,1,42
BRDA:,15,0,45
BRDA:,15,1,45
BRDA:,16,0,0
BRDA:,16,1,45
BRDA:,17,0,4
BRDA:,17,1,41
BRDA:,18,0,9
BRDA:,18,1,36
BRDA:,19,0,45
BRDA:,19,1,39
BRDA:,20,0,0
BRDA:,20,1,0
BRDA:,20,2,0
BRDA:,21,0,0
BRDA:,21,1,0
BRDA:,22,0,0
BRDA:,22,1,73
BRDA:,23,0,73
BRDA:,23,1,0
BRDA:,23,2,73
BRDA:,24,0,0
BRDA:,24,1,0
BRF:54
BRH:19
end_of_record
TN:
SF:/Users/wangjinquan/Documents/Project/now-h5-personal-center/src/business/project-login/index.js
FN:,login
FNF:1
FNH:0
FNDA:0,login
DA:1,73
DA:7,0
DA:8,0
DA:11,0
LF:4
LH:1
BRDA:,0,0,0
BRDA:,0,1,0
BRF:2
BRH:0
end_of_record
TN:
SF:/Users/wangjinquan/Documents/Project/now-h5-personal-center/src/business/project-dialog/index.js
FN:,showDialog
FN:,removeDlg
FN:,(anonymous_3)
FN:,(anonymous_4)
FNF:4
FNH:4
FNDA:21,showDialog
FNDA:12,removeDlg
FNDA:3,(anonymous_3)
FNDA:9,(anonymous_4)
DA:1,73
DA:9,21
DA:10,0
DA:13,21
DA:20,21
DA:22,21
DA:23,12
DA:24,12
DA:29,21
DA:30,21
DA:31,3
DA:33,3
DA:34,3
DA:39,21
DA:40,21
DA:41,9
DA:42,0
DA:45,9
DA:48,21
LF:19
LH:17
BRDA:,0,0,0
BRDA:,0,1,21
BRDA:,1,0,12
BRDA:,1,1,0
BRDA:,2,0,3
BRDA:,2,1,0
BRDA:,3,0,21
BRDA:,3,1,0
BRDA:,4,0,0
BRDA:,4,1,9
BRF:10
BRH:5
end_of_record
TN:
SF:/Users/wangjinquan/Documents/Project/now-h5-personal-center/src/pages/verify-identity/components/now-display-verify-identity/index.js
FN:,(anonymous_9)
FN:,(anonymous_10)
FN:,(anonymous_11)
FN:,(anonymous_12)
FN:,render
FNF:5
FNH:5
FNDA:165,(anonymous_9)
FNDA:942,(anonymous_10)
FNDA:66,(anonymous_11)
FNDA:36,(anonymous_12)
FNDA:1389,render
DA:1,73
DA:3,73
DA:4,73
DA:5,73
DA:6,73
DA:8,73
DA:16,165
DA:17,0
DA:20,165
DA:28,942
DA:29,0
DA:32,942
DA:39,66
DA:46,36
DA:49,1389
DA:50,1389
DA:52,1389
DA:53,1389
DA:56,1389
DA:59,1389
DA:62,1389
DA:65,1389
DA:67,1389
LF:23
LH:21
BRDA:,0,0,73
BRDA:,0,1,0
BRDA:,1,0,0
BRDA:,1,1,165
BRDA:,2,0,0
BRDA:,2,1,942
BRDA:,3,0,1389
BRDA:,3,1,111
BRDA:,3,2,51
BRDA:,4,0,1389
BRDA:,4,1,1308
BRDA:,4,2,1143
BRDA:,5,0,1389
BRDA:,5,1,111
BRDA:,5,2,45
BRDA:,6,0,117
BRDA:,6,1,1272
BRDA:,7,0,117
BRDA:,7,1,42
BRDA:,8,0,117
BRDA:,8,1,1272
BRF:21
BRH:18
end_of_record
TN:
SF:/Users/wangjinquan/Documents/Project/now-h5-personal-center/src/components/now-display-section-title/index.js
FN:,DisplaySectionTitle
FNF:1
FNH:1
FNDA:2133,DisplaySectionTitle
DA:1,123
DA:3,123
DA:5,2133
DA:6,2133
DA:8,2133
DA:9,0
DA:12,2133
LF:7
LH:6
BRDA:,0,0,0
BRDA:,0,1,2133
BRDA:,1,0,0
BRDA:,1,1,2133
BRF:4
BRH:2
end_of_record
TN:
SF:/Users/wangjinquan/Documents/Project/now-h5-personal-center/src/components/now-display-form-submit/index.js
FN:,(anonymous_9)
FN:,render
FNF:2
FNH:2
FNDA:67,(anonymous_9)
FNDA:269,render
DA:1,123
DA:3,123
DA:7,67
DA:10,269
DA:11,269
DA:12,269
DA:14,269
LF:7
LH:7
BRDA:,0,0,123
BRDA:,0,1,0
BRDA:,1,0,78
BRDA:,1,1,191
BRF:4
BRH:3
end_of_record
TN:
SF:/Users/wangjinquan/Documents/Project/now-h5-personal-center/src/components/now-display-verify-phone-form-content/index.js
FN:,(anonymous_9)
FN:,render
FNF:2
FNH:2
FNDA:10,(anonymous_9)
FNDA:682,render
DA:1,123
DA:3,123
DA:7,10
DA:10,682
DA:18,682
DA:20,682
LF:6
LH:6
BRDA:,0,0,59
BRDA:,0,1,0
BRDA:,1,0,196
BRDA:,1,1,486
BRF:4
BRH:3
end_of_record
TN:
SF:/Users/wangjinquan/Documents/Project/now-h5-personal-center/src/components/now-display-verify-identity-form-content/index.js
FN:,DisplayVerifyIdentityFormContent
FN:,(anonymous_9)
FN:,(anonymous_10)
FN:,(anonymous_11)
FN:,(anonymous_12)
FN:,componentDidMount
FN:,componentWillReceiveProps
FN:,render
FNF:8
FNH:6
FNDA:73,DisplayVerifyIdentityFormContent
FNDA:0,(anonymous_9)
FNDA:0,(anonymous_10)
FNDA:165,(anonymous_11)
FNDA:165,(anonymous_12)
FNDA:73,componentDidMount
FNDA:1316,componentWillReceiveProps
FNDA:1431,render
DA:1,73
DA:2,73
DA:4,73
DA:7,438
DA:9,73
DA:17,73
DA:18,73
DA:25,1316
DA:26,1316
DA:30,0
DA:34,0
DA:35,0
DA:39,165
DA:40,165
DA:44,165
DA:46,165
DA:48,165
DA:49,165
DA:50,165
DA:51,165
DA:56,1431
DA:61,1431
DA:63,1431
DA:65,1431
LF:24
LH:21
BRDA:,0,0,73
BRDA:,0,1,0
BRDA:,1,0,165
BRDA:,1,1,0
BRDA:,2,0,73
BRDA:,2,1,0
BRDA:,3,0,9
BRDA:,3,1,1422
BRF:8
BRH:5
end_of_record
TN:
SF:/Users/wangjinquan/Documents/Project/now-h5-personal-center/src/business/project-verify-identity/index.js
FN:,getCheckedName
FN:,checkIfIdValid
FN:,getActionResultForVerifyFromRes
FN:,handleResForVerifyIdentity
FNF:4
FNH:4
FNDA:165,getCheckedName
FNDA:942,checkIfIdValid
FNDA:45,getActionResultForVerifyFromRes
FNDA:45,handleResForVerifyIdentity
DA:1,73
DA:2,73
DA:3,73
DA:4,73
DA:12,165
DA:14,165
DA:24,942
DA:25,942
DA:32,73
DA:48,73
DA:73,73
DA:84,73
DA:105,45
DA:106,45
DA:107,45
DA:108,45
DA:110,45
DA:111,45
DA:113,4
DA:114,4
DA:115,4
DA:116,41
DA:118,3
DA:119,3
DA:120,38
DA:121,3
DA:122,3
DA:123,35
DA:126,3
DA:127,3
DA:128,32
DA:132,18
DA:133,14
DA:134,2
DA:135,2
DA:136,12
DA:138,4
DA:139,4
DA:140,8
DA:141,2
DA:142,2
DA:143,6
DA:144,0
DA:145,0
DA:146,6
DA:147,2
DA:148,2
DA:149,4
DA:150,2
DA:151,2
DA:153,2
DA:155,2
DA:156,2
DA:157,2
DA:159,2
DA:160,0
DA:163,2
DA:166,0
DA:167,0
DA:170,45
DA:177,45
DA:178,45
DA:179,0
DA:182,45
DA:184,45
DA:186,4
DA:187,4
DA:188,41
DA:190,18
DA:191,23
DA:193,0
DA:194,0
DA:198,45
DA:199,27
DA:202,45
DA:203,0
DA:206,45
LF:77
LH:68
BRDA:,0,0,165
BRDA:,0,1,0
BRDA:,1,0,165
BRDA:,1,1,165
BRDA:,2,0,45
BRDA:,2,1,0
BRDA:,3,0,45
BRDA:,3,1,45
BRDA:,4,0,45
BRDA:,4,1,0
BRDA:,5,0,4
BRDA:,5,1,41
BRDA:,6,0,3
BRDA:,6,1,38
BRDA:,7,0,3
BRDA:,7,1,35
BRDA:,8,0,3
BRDA:,8,1,32
BRDA:,9,0,18
BRDA:,9,1,14
BRDA:,10,0,32
BRDA:,10,1,26
BRDA:,10,2,26
BRDA:,10,3,20
BRDA:,11,0,2
BRDA:,11,1,12
BRDA:,12,0,4
BRDA:,12,1,8
BRDA:,13,0,12
BRDA:,13,1,10
BRDA:,14,0,2
BRDA:,14,1,6
BRDA:,15,0,0
BRDA:,15,1,6
BRDA:,16,0,2
BRDA:,16,1,4
BRDA:,17,0,2
BRDA:,17,1,2
BRDA:,18,0,2
BRDA:,18,1,0
BRDA:,19,0,0
BRDA:,19,1,2
BRDA:,20,0,45
BRDA:,20,1,0
BRDA:,21,0,45
BRDA:,21,1,45
BRDA:,22,0,0
BRDA:,22,1,45
BRDA:,23,0,4
BRDA:,23,1,41
BRDA:,24,0,18
BRDA:,24,1,23
BRDA:,25,0,0
BRDA:,25,1,23
BRDA:,26,0,27
BRDA:,26,1,18
BRDA:,27,0,0
BRDA:,27,1,45
BRF:58
BRH:48
end_of_record
TN:
SF:/Users/wangjinquan/Documents/Project/now-h5-personal-center/src/business/project-common/index.js
FN:,getNowId
FN:,getQueryNotVerifyId
FN:,isVerify
FN:,jumpToWithdrawPage
FN:,(anonymous_5)
FN:,(anonymous_6)
FN:,jumpToIdentityPage
FN:,(anonymous_8)
FN:,(anonymous_9)
FNF:9
FNH:4
FNDA:6,getNowId
FNDA:2,getQueryNotVerifyId
FNDA:0,isVerify
FNDA:5,jumpToWithdrawPage
FNDA:0,(anonymous_5)
FNDA:0,(anonymous_6)
FNDA:1,jumpToIdentityPage
FNDA:0,(anonymous_8)
FNDA:0,(anonymous_9)
DA:1,123
DA:4,6
DA:8,2
DA:12,0
DA:13,0
DA:14,0
DA:16,0
DA:24,5
DA:26,5
DA:28,5
DA:29,0
DA:31,0
DA:32,0
DA:34,0
DA:37,5
DA:39,5
DA:40,0
DA:48,1
DA:50,1
DA:52,1
DA:53,0
DA:56,1
DA:57,0
DA:59,0
DA:60,0
DA:62,0
DA:65,1
DA:67,1
DA:68,0
LF:29
LH:14
BRDA:,0,0,0
BRDA:,0,1,0
BRDA:,1,0,0
BRDA:,1,1,0
BRDA:,2,0,0
BRDA:,2,1,5
BRDA:,3,0,5
BRDA:,3,1,0
BRDA:,4,0,0
BRDA:,4,1,1
BRDA:,5,0,1
BRDA:,5,1,0
BRDA:,6,0,0
BRDA:,6,1,1
BRF:14
BRH:5
end_of_record
TN:
SF:/Users/wangjinquan/Documents/Project/now-h5-personal-center/src/business/project-qq-wallet/index.js
FN:,jumpToQQWallet
FN:,onEnter
FN:,onCancel
FN:,showDialogToGoQQWallet
FN:,onEnter
FN:,(anonymous_6)
FN:,onEnter
FNF:7
FNH:4
FNDA:3,jumpToQQWallet
FNDA:0,onEnter
FNDA:0,onCancel
FNDA:18,showDialogToGoQQWallet
FNDA:3,onEnter
FNDA:3,(anonymous_6)
FNDA:0,onEnter
DA:1,73
DA:2,73
DA:3,73
DA:4,73
DA:10,3
DA:11,3
DA:16,3
DA:17,3
DA:19,3
DA:21,3
DA:23,0
DA:26,0
DA:34,3
DA:38,18
DA:43,3
DA:45,3
DA:47,0
LF:17
LH:14
BRDA:,0,0,3
BRDA:,0,1,0
BRDA:,1,0,3
BRDA:,1,1,0
BRDA:,1,2,3
BRF:5
BRH:3
end_of_record
TN:
SF:/Users/wangjinquan/Documents/Project/now-h5-personal-center/src/business/project-message-tips/index.js
FN:,showMessageTips
FNF:1
FNH:1
FNDA:45,showMessageTips
DA:1,123
DA:10,45
DA:11,45
DA:12,0
DA:15,45
LF:5
LH:4
BRDA:,0,0,0
BRDA:,0,1,45
BRDA:,1,0,45
BRDA:,1,1,0
BRDA:,2,0,0
BRDA:,2,1,45
BRF:6
BRH:3
end_of_record
TN:
SF:/Users/wangjinquan/Documents/Project/now-h5-personal-center/src/components/now-display-message-tips/index.js
FN:,render
FN:,create
FN:,remove
FNF:3
FNH:3
FNDA:45,render
FNDA:45,create
FNDA:21,remove
DA:1,123
DA:2,123
DA:4,123
DA:8,45
DA:9,45
DA:10,45
DA:11,45
DA:14,45
DA:16,45
DA:21,45
DA:22,21
DA:23,21
DA:24,21
DA:29,45
DA:31,45
DA:36,45
DA:37,45
DA:39,45
LF:18
LH:18
BRDA:,0,0,8
BRDA:,0,1,37
BRDA:,1,0,45
BRDA:,1,1,0
BRDA:,2,0,21
BRDA:,2,1,0
BRDA:,3,0,45
BRDA:,3,1,0
BRF:8
BRH:5
end_of_record
TN:
SF:/Users/wangjinquan/Documents/Project/now-h5-personal-center/src/business/project-verify-phone/index.js
FN:,getCheckedPhone
FN:,checkIfPhoneValid
FN:,getCheckedCode
FN:,countdown
FN:,cycle
FN:,(anonymous_6)
FN:,getActionResultForCodeFromRes
FN:,getActionResultForVerifyFromRes
FN:,handleResForGetVerifyCode
FN:,handleResForCheckVerifyCode
FNF:10
FNH:10
FNDA:478,getCheckedPhone
FNDA:478,checkIfPhoneValid
FNDA:156,getCheckedCode
FNDA:2,countdown
FNDA:7,cycle
FNDA:5,(anonymous_6)
FNDA:6,getActionResultForCodeFromRes
FNDA:12,getActionResultForVerifyFromRes
FNDA:6,handleResForGetVerifyCode
FNDA:12,handleResForCheckVerifyCode
DA:1,123
DA:2,123
DA:9,123
DA:20,123
DA:32,123
DA:46,123
DA:61,478
DA:63,478
DA:76,478
DA:87,156
DA:98,2
DA:101,2
DA:103,2
DA:104,7
DA:105,7
DA:107,7
DA:108,0
DA:110,7
DA:112,7
DA:114,7
DA:115,5
DA:120,2
DA:131,6
DA:132,6
DA:134,6
DA:135,6
DA:138,2
DA:139,2
DA:140,2
DA:143,2
DA:144,2
DA:145,2
DA:148,2
DA:149,2
DA:150,2
DA:153,0
DA:154,0
DA:155,0
DA:158,0
DA:159,0
DA:162,6
DA:177,12
DA:178,12
DA:180,12
DA:181,12
DA:188,2
DA:189,1
DA:190,1
DA:192,1
DA:193,1
DA:196,2
DA:199,2
DA:200,2
DA:201,2
DA:204,2
DA:205,2
DA:206,2
DA:210,4
DA:211,4
DA:212,4
DA:215,2
DA:216,2
DA:217,2
DA:220,0
DA:221,0
DA:224,12
DA:239,6
DA:240,0
DA:243,6
DA:246,6
DA:247,6
DA:250,6
DA:251,0
DA:254,6
DA:265,12
DA:266,0
DA:269,12
DA:272,12
DA:273,1
DA:274,1
DA:275,11
DA:276,1
DA:277,1
DA:281,12
DA:282,12
DA:285,12
DA:286,0
DA:289,12
LF:88
LH:76
BRDA:,0,0,478
BRDA:,0,1,0
BRDA:,1,0,478
BRDA:,1,1,478
BRDA:,2,0,0
BRDA:,2,1,7
BRDA:,3,0,0
BRDA:,3,1,7
BRDA:,4,0,6
BRDA:,4,1,0
BRDA:,5,0,2
BRDA:,5,1,2
BRDA:,5,2,2
BRDA:,5,3,0
BRDA:,6,0,6
BRDA:,6,1,6
BRDA:,7,0,12
BRDA:,7,1,0
BRDA:,8,0,2
BRDA:,8,1,2
BRDA:,8,2,2
BRDA:,8,3,2
BRDA:,8,4,4
BRDA:,8,5,2
BRDA:,9,0,1
BRDA:,9,1,1
BRDA:,10,0,12
BRDA:,10,1,12
BRDA:,11,0,0
BRDA:,11,1,6
BRDA:,12,0,6
BRDA:,12,1,0
BRDA:,13,0,0
BRDA:,13,1,6
BRDA:,14,0,0
BRDA:,14,1,12
BRDA:,15,0,1
BRDA:,15,1,11
BRDA:,16,0,1
BRDA:,16,1,10
BRDA:,17,0,12
BRDA:,17,1,0
BRDA:,18,0,0
BRDA:,18,1,12
BRF:44
BRH:32
end_of_record
TN:
SF:/Users/wangjinquan/Documents/Project/now-h5-personal-center/src/datas/now-data-verify-identity/index.js
FNF:0
FNH:0
DA:1,73
DA:5,73
LF:2
LH:2
BRF:0
BRH:0
end_of_record
TN:
SF:/Users/wangjinquan/Documents/Project/now-h5-personal-center/src/datas/now-data-verify-identity/action.js
FN:,getQQ
FN:,fetchVerifyIdentity
FN:,verifyIdentity
FN:,(anonymous_6)
FN:,setInputName
FN:,setInputId
FN:,showVerifyPhone
FN:,clearVerifyIdentityForm
FNF:8
FNH:7
FNDA:0,getQQ
FNDA:45,fetchVerifyIdentity
FNDA:45,verifyIdentity
FNDA:45,(anonymous_6)
FNDA:165,setInputName
FNDA:942,setInputId
FNDA:9,showVerifyPhone
FNDA:4,clearVerifyIdentityForm
DA:1,73
DA:2,73
DA:3,73
DA:4,73
DA:5,73
DA:7,73
DA:8,73
DA:9,73
DA:11,73
DA:12,73
DA:13,73
DA:14,73
DA:17,0
DA:18,0
DA:19,0
DA:30,45
DA:41,45
DA:42,45
DA:44,0
DA:52,45
DA:53,45
DA:60,0
DA:68,45
DA:71,45
DA:76,45
DA:100,45
DA:104,165
DA:113,942
DA:123,9
DA:129,4
LF:30
LH:25
BRDA:,0,0,0
BRDA:,0,1,0
BRDA:,1,0,0
BRDA:,1,1,0
BRDA:,2,0,0
BRDA:,2,1,45
BRDA:,3,0,0
BRDA:,3,1,45
BRDA:,4,0,0
BRDA:,4,1,0
BRDA:,5,0,45
BRDA:,5,1,0
BRF:12
BRH:3
end_of_record
TN:
SF:/Users/wangjinquan/Documents/Project/now-h5-personal-center/src/datas/now-data-verify-identity/reducer.js
FN:,verifyIdentityInfo
FNF:1
FNH:1
FNDA:1535,verifyIdentityInfo
DA:1,73
DA:14,73
DA:56,1535
DA:57,1535
DA:58,1535
DA:60,1535
DA:62,4
DA:63,4
DA:64,4
DA:65,4
DA:66,4
DA:69,45
DA:70,45
DA:71,45
DA:72,45
DA:75,45
DA:76,45
DA:77,45
DA:78,45
DA:81,0
DA:82,0
DA:83,0
DA:84,0
DA:87,165
DA:88,165
DA:91,942
DA:92,942
DA:93,942
DA:96,9
DA:97,9
DA:100,325
DA:103,1535
LF:32
LH:28
BRDA:,0,0,1316
BRDA:,0,1,219
BRDA:,1,0,1535
BRDA:,1,1,1535
BRDA:,2,0,4
BRDA:,2,1,45
BRDA:,2,2,45
BRDA:,2,3,0
BRDA:,2,4,165
BRDA:,2,5,942
BRDA:,2,6,9
BRDA:,2,7,325
BRDA:,3,0,1210
BRDA:,3,1,325
BRF:14
BRH:13
end_of_record
TN:
SF:/Users/wangjinquan/Documents/Project/now-h5-personal-center/src/datas/now-data-verify-phone/index.js
FNF:0
FNH:0
DA:1,123
DA:5,123
LF:2
LH:2
BRF:0
BRH:0
end_of_record
TN:
SF:/Users/wangjinquan/Documents/Project/now-h5-personal-center/src/datas/now-data-verify-phone/action.js
FN:,fetchVerifyCode
FN:,fetchCheckVerifyCode
FN:,getVerifyCode
FN:,(anonymous_4)
FN:,checkVerifyCode
FN:,(anonymous_6)
FN:,setInputPhone
FN:,setInputCode
FN:,sendCountdown
FN:,clearVerifyPhoneForm
FNF:10
FNH:10
FNDA:6,fetchVerifyCode
FNDA:12,fetchCheckVerifyCode
FNDA:6,getVerifyCode
FNDA:6,(anonymous_4)
FNDA:12,checkVerifyCode
FNDA:12,(anonymous_6)
FNDA:478,setInputPhone
FNDA:156,setInputCode
FNDA:7,sendCountdown
FNDA:6,clearVerifyPhoneForm
DA:1,123
DA:2,123
DA:4,123
DA:5,123
DA:6,123
DA:8,123
DA:9,123
DA:10,123
DA:12,123
DA:13,123
DA:14,123
DA:15,123
DA:21,6
DA:50,12
DA:81,6
DA:85,12
DA:89,478
DA:91,478
DA:101,156
DA:110,7
DA:117,6
LF:21
LH:21
BRF:0
BRH:0
end_of_record
TN:
SF:/Users/wangjinquan/Documents/Project/now-h5-personal-center/src/datas/now-data-verify-phone/reducer.js
FN:,verifyPhoneInfo
FNF:1
FNH:1
FNDA:2262,verifyPhoneInfo
DA:1,123
DA:17,123
DA:61,2262
DA:62,2262
DA:63,2262
DA:65,2262
DA:67,6
DA:68,6
DA:69,6
DA:70,6
DA:73,6
DA:74,6
DA:77,6
DA:78,6
DA:81,0
DA:82,0
DA:85,12
DA:86,12
DA:89,12
DA:90,12
DA:93,0
DA:94,0
DA:97,478
DA:98,478
DA:99,478
DA:102,156
DA:103,156
DA:106,7
DA:107,7
DA:108,7
DA:111,1579
DA:114,2262
LF:32
LH:28
BRDA:,0,0,1893
BRDA:,0,1,369
BRDA:,1,0,2262
BRDA:,1,1,2262
BRDA:,2,0,6
BRDA:,2,1,6
BRDA:,2,2,6
BRDA:,2,3,0
BRDA:,2,4,12
BRDA:,2,5,12
BRDA:,2,6,0
BRDA:,2,7,478
BRDA:,2,8,156
BRDA:,2,9,7
BRDA:,2,10,1579
BRDA:,3,0,683
BRDA:,3,1,1579
BRF:17
BRH:15
end_of_record
TN:
SF:/Users/wangjinquan/Documents/Project/now-h5-personal-center/src/pages/verify-identity/components/now-highorder-verify-identity/report.js
FN:,Report
FN:,init
FN:,(anonymous_8)
FN:,(anonymous_9)
FNF:4
FNH:2
FNDA:73,Report
FNDA:73,init
FNDA:0,(anonymous_8)
FNDA:0,(anonymous_9)
DA:1,73
DA:3,73
DA:4,73
DA:5,73
DA:8,73
DA:9,73
DA:10,73
DA:13,73
DA:15,73
DA:16,0
DA:21,0
DA:22,0
DA:25,0
DA:26,0
DA:30,73
DA:31,0
DA:33,0
DA:38,0
DA:39,0
DA:42,0
LF:20
LH:10
BRDA:,0,0,0
BRDA:,0,1,0
BRDA:,1,0,0
BRDA:,1,1,0
BRF:4
BRH:0
end_of_record
TN:
SF:/Users/wangjinquan/Documents/Project/now-h5-personal-center/src/business/base-report/utils.js
FN:,getWeixinUin
FN:,(anonymous_4)
FNF:2
FNH:2
FNDA:123,getWeixinUin
FNDA:123,(anonymous_4)
DA:6,123
DA:7,123
DA:22,123
DA:29,123
DA:36,123
DA:44,123
DA:56,123
DA:57,123
DA:59,123
DA:60,0
DA:61,123
DA:62,0
DA:63,123
DA:64,0
DA:66,123
DA:69,123
DA:81,123
DA:88,123
DA:95,123
DA:102,123
DA:109,123
LF:21
LH:18
BRDA:,0,0,123
BRDA:,0,1,0
BRDA:,0,2,0
BRDA:,1,0,123
BRDA:,1,1,123
BRDA:,2,0,123
BRDA:,2,1,123
BRDA:,3,0,123
BRDA:,3,1,123
BRDA:,3,2,123
BRDA:,4,0,0
BRDA:,4,1,123
BRDA:,5,0,0
BRDA:,5,1,123
BRDA:,6,0,0
BRDA:,6,1,123
BRDA:,7,0,123
BRDA:,7,1,123
BRDA:,7,2,123
BRDA:,8,0,123
BRDA:,8,1,0
BRDA:,8,2,0
BRDA:,9,0,0
BRDA:,9,1,123
BRF:24
BRH:16
end_of_record
TN:
SF:/Users/wangjinquan/Documents/Project/now-h5-personal-center/src/business/base-report/monitor/index.js
FNF:0
FNH:0
DA:1,123
DA:9,123
LF:2
LH:2
BRF:0
BRH:0
end_of_record
TN:
SF:/Users/wangjinquan/Documents/Project/now-h5-personal-center/src/pages/verify-identity/report.js
FN:,Report
FN:,init
FN:,(anonymous_8)
FN:,reportPv
FNF:4
FNH:4
FNDA:73,Report
FNDA:73,init
FNDA:73,(anonymous_8)
FNDA:73,reportPv
DA:1,73
DA:3,73
DA:4,73
DA:5,73
DA:6,73
DA:8,73
DA:10,73
DA:11,73
DA:14,73
DA:15,73
DA:16,73
DA:21,73
DA:24,73
DA:27,73
DA:28,73
DA:31,73
DA:39,73
DA:44,73
DA:51,73
DA:55,73
LF:20
LH:20
BRDA:,0,0,73
BRDA:,0,1,0
BRDA:,1,0,73
BRDA:,1,1,0
BRDA:,2,0,0
BRDA:,2,1,73
BRF:6
BRH:3
end_of_record
TN:
SF:/Users/wangjinquan/Documents/Project/now-h5-personal-center/src/pages/verify-identity/business/report/index.js
FN:,resetNetworkType
FN:,(anonymous_2)
FN:,(anonymous_3)
FN:,(anonymous_4)
FN:,initReport
FNF:5
FNH:4
FNDA:73,resetNetworkType
FNDA:73,(anonymous_2)
FNDA:73,(anonymous_3)
FNDA:0,(anonymous_4)
FNDA:73,initReport
DA:1,73
DA:2,73
DA:3,73
DA:5,73
DA:7,73
DA:13,73
DA:14,73
DA:16,73
DA:19,0
DA:36,73
DA:39,73
DA:45,73
DA:48,73
LF:13
LH:12
BRF:0
BRH:0
end_of_record
TN:
SF:/Users/wangjinquan/Documents/Project/now-h5-personal-center/src/business/base-report/whitelist-db/index.js
FN:,init
FNF:1
FNH:1
FNDA:123,init
DA:5,123
LF:1
LH:1
BRF:0
BRH:0
end_of_record
TN:
SF:/Users/wangjinquan/Documents/Project/now-h5-personal-center/src/pages/verify-phone/business/window-gConfig/index.js
FNF:0
FNH:0
DA:1,50
DA:4,50
DA:5,0
DA:6,0
DA:14,50
DA:21,50
DA:22,50
LF:7
LH:5
BRDA:,0,0,0
BRDA:,0,1,50
BRDA:,1,0,0
BRDA:,1,1,0
BRDA:,2,0,0
BRDA:,2,1,0
BRDA:,3,0,50
BRDA:,3,1,0
BRF:8
BRH:2
end_of_record
TN:
SF:/Users/wangjinquan/Documents/Project/now-h5-personal-center/src/pages/verify-phone/business/report/config.js
FNF:0
FNH:0
DA:5,100
DA:17,100
DA:18,100
DA:26,100
DA:53,100
LF:5
LH:5
BRDA:,0,0,0
BRDA:,0,1,100
BRF:2
BRH:1
end_of_record
TN:
SF:/Users/wangjinquan/Documents/Project/now-h5-personal-center/src/pages/verify-phone/init.js
FNF:0
FNH:0
DA:2,50
DA:5,50
DA:8,50
DA:11,50
LF:4
LH:4
BRF:0
BRH:0
end_of_record
TN:
SF:/Users/wangjinquan/Documents/Project/now-h5-personal-center/src/pages/verify-phone/RootComponent.js
FN:,RootComponent
FN:,(anonymous_9)
FN:,componentDidMount
FN:,render
FNF:4
FNH:4
FNDA:50,RootComponent
FNDA:50,(anonymous_9)
FNDA:50,componentDidMount
FNDA:627,render
DA:1,50
DA:3,50
DA:5,50
DA:7,50
DA:10,200
DA:13,50
DA:15,50
DA:20,50
DA:21,0
DA:25,50
DA:29,50
DA:30,0
DA:35,627
LF:13
LH:11
BRDA:,0,0,50
BRDA:,0,1,0
BRDA:,1,0,0
BRDA:,1,1,50
BRDA:,2,0,50
BRDA:,2,1,0
BRDA:,3,0,0
BRDA:,3,1,50
BRF:8
BRH:4
end_of_record
TN:
SF:/Users/wangjinquan/Documents/Project/now-h5-personal-center/src/pages/verify-phone/components/now-highorder-verify-phone/index.js
FN:,(anonymous_9)
FN:,(anonymous_10)
FN:,(anonymous_11)
FN:,(anonymous_12)
FN:,(anonymous_13)
FN:,(anonymous_14)
FN:,(anonymous_15)
FN:,(anonymous_16)
FN:,componentDidMount
FN:,reportGetVerifyCode
FN:,reportCheckVerifyCode
FN:,render
FN:,mapStateToProps
FN:,mapDispatchToProps
FN:,getVerifyCode
FNF:15
FNH:13
FNDA:2,(anonymous_9)
FNDA:7,(anonymous_10)
FNDA:10,(anonymous_11)
FNDA:6,(anonymous_12)
FNDA:0,(anonymous_13)
FNDA:18,(anonymous_14)
FNDA:12,(anonymous_15)
FNDA:0,(anonymous_16)
FNDA:50,componentDidMount
FNDA:6,reportGetVerifyCode
FNDA:12,reportCheckVerifyCode
FNDA:627,render
FNDA:627,mapStateToProps
FNDA:50,mapDispatchToProps
FNDA:559,getVerifyCode
DA:1,50
DA:2,50
DA:3,50
DA:4,50
DA:6,50
DA:13,50
DA:22,50
DA:27,50
DA:35,2
DA:36,7
DA:46,10
DA:47,10
DA:50,10
DA:51,4
DA:52,0
DA:55,4
DA:59,6
DA:60,0
DA:61,0
DA:64,0
DA:68,6
DA:70,6
DA:72,6
DA:73,0
DA:77,6
DA:78,2
DA:81,6
DA:84,0
DA:86,0
DA:87,0
DA:90,0
DA:91,0
DA:92,0
DA:93,0
DA:95,0
DA:96,0
DA:101,0
DA:102,0
DA:110,18
DA:111,18
DA:114,18
DA:115,6
DA:116,0
DA:119,6
DA:123,12
DA:124,0
DA:125,0
DA:128,0
DA:132,12
DA:134,12
DA:136,12
DA:137,0
DA:141,12
DA:142,2
DA:145,12
DA:148,0
DA:150,0
DA:151,0
DA:154,0
DA:159,6
DA:160,0
DA:165,12
DA:166,0
DA:170,627
DA:175,627
DA:177,627
DA:190,627
DA:192,627
DA:198,50
DA:200,6
DA:204,12
DA:208,7
DA:212,412
DA:216,120
DA:220,2
LF:75
LH:48
BRDA:,0,0,50
BRDA:,0,1,0
BRDA:,1,0,4
BRDA:,1,1,6
BRDA:,2,0,0
BRDA:,2,1,4
BRDA:,3,0,0
BRDA:,3,1,6
BRDA:,4,0,0
BRDA:,4,1,0
BRDA:,5,0,6
BRDA:,5,1,6
BRDA:,5,2,6
BRDA:,6,0,0
BRDA:,6,1,6
BRDA:,7,0,2
BRDA:,7,1,4
BRDA:,8,0,0
BRDA:,8,1,0
BRDA:,8,2,0
BRDA:,9,0,0
BRDA:,9,1,0
BRDA:,10,0,0
BRDA:,10,1,0
BRDA:,11,0,0
BRDA:,11,1,0
BRDA:,12,0,6
BRDA:,12,1,12
BRDA:,13,0,0
BRDA:,13,1,6
BRDA:,14,0,0
BRDA:,14,1,12
BRDA:,15,0,0
BRDA:,15,1,0
BRDA:,16,0,12
BRDA:,16,1,12
BRDA:,16,2,12
BRDA:,17,0,0
BRDA:,17,1,12
BRDA:,18,0,2
BRDA:,18,1,10
BRDA:,19,0,0
BRDA:,19,1,0
BRDA:,19,2,0
BRDA:,20,0,0
BRDA:,20,1,0
BRDA:,21,0,0
BRDA:,21,1,6
BRDA:,22,0,0
BRDA:,22,1,12
BRF:50
BRH:23
end_of_record
TN:
SF:/Users/wangjinquan/Documents/Project/now-h5-personal-center/src/pages/verify-phone/components/now-display-verify-phone/index.js
FN:,(anonymous_9)
FN:,(anonymous_10)
FN:,render
FNF:3
FNH:3
FNDA:412,(anonymous_9)
FNDA:120,(anonymous_10)
FNDA:627,render
DA:1,50
DA:3,50
DA:4,50
DA:5,50
DA:7,50
DA:14,412
DA:21,120
DA:24,627
DA:25,627
DA:27,627
DA:30,627
DA:33,627
DA:35,627
LF:13
LH:13
BRDA:,0,0,50
BRDA:,0,1,0
BRDA:,1,0,627
BRDA:,1,1,557
BRDA:,1,2,197
BRDA:,2,0,627
BRDA:,2,1,557
BRDA:,2,2,144
BRF:8
BRH:7
end_of_record
TN:
SF:/Users/wangjinquan/Documents/Project/now-h5-personal-center/src/pages/verify-phone/report.js
FN:,Report
FN:,init
FN:,(anonymous_8)
FN:,reportPv
FNF:4
FNH:4
FNDA:50,Report
FNDA:50,init
FNDA:50,(anonymous_8)
FNDA:50,reportPv
DA:1,50
DA:3,50
DA:4,50
DA:5,50
DA:6,50
DA:8,50
DA:10,50
DA:11,50
DA:14,50
DA:15,50
DA:16,50
DA:21,50
DA:24,50
DA:27,50
DA:28,50
DA:31,50
DA:39,50
DA:44,50
DA:51,50
DA:55,50
LF:20
LH:20
BRDA:,0,0,50
BRDA:,0,1,0
BRDA:,1,0,50
BRDA:,1,1,0
BRDA:,2,0,0
BRDA:,2,1,50
BRF:6
BRH:3
end_of_record
TN:
SF:/Users/wangjinquan/Documents/Project/now-h5-personal-center/src/pages/verify-phone/business/report/index.js
FN:,resetNetworkType
FN:,(anonymous_2)
FN:,(anonymous_3)
FN:,(anonymous_4)
FN:,initReport
FNF:5
FNH:4
FNDA:50,resetNetworkType
FNDA:50,(anonymous_2)
FNDA:50,(anonymous_3)
FNDA:0,(anonymous_4)
FNDA:50,initReport
DA:1,50
DA:2,50
DA:3,50
DA:5,50
DA:7,50
DA:13,50
DA:14,50
DA:16,50
DA:19,0
DA:36,50
DA:39,50
DA:45,50
DA:48,50
LF:13
LH:12
BRF:0
BRH:0
end_of_record
