TN:
SF:src/middlewares/api.js
FN:7,getFullUrl
FN:19,(anonymous_6)
FN:19,(anonymous_7)
FN:19,(anonymous_8)
FN:47,actionWith
FN:93,(anonymous_10)
FN:94,convertData
FN:121,(anonymous_12)
FN:125,(anonymous_13)
FNF:9
FNH:0
FNDA:0,getFullUrl
FNDA:0,(anonymous_6)
FNDA:0,(anonymous_7)
FNDA:0,(anonymous_8)
FNDA:0,actionWith
FNDA:0,(anonymous_10)
FNDA:0,convertData
FNDA:0,(anonymous_12)
FNDA:0,(anonymous_13)
DA:1,1
DA:3,1
DA:5,1
DA:8,0
DA:9,0
DA:12,0
DA:13,0
DA:16,0
DA:19,0
DA:30,0
DA:32,0
DA:33,0
DA:37,0
DA:40,0
DA:48,0
DA:51,0
DA:55,0
DA:57,0
DA:58,0
DA:60,0
DA:61,0
DA:63,0
DA:66,0
DA:67,0
DA:69,0
DA:72,0
DA:74,0
DA:76,0
DA:80,0
DA:81,0
DA:86,0
DA:88,0
DA:92,0
DA:95,0
DA:96,0
DA:98,0
DA:102,0
DA:105,0
DA:106,0
DA:109,0
DA:116,0
DA:118,0
DA:123,0
DA:125,0
DA:126,0
DA:129,0
DA:134,0
DA:136,0
LF:48
LH:3
BRDA:8,0,0,0
BRDA:8,0,1,0
BRDA:12,1,0,0
BRDA:12,1,1,0
BRDA:32,2,0,0
BRDA:32,2,1,0
BRDA:40,3,0,0
BRDA:40,3,1,0
BRDA:56,4,0,0
BRDA:56,4,1,0
BRDA:56,4,2,0
BRDA:66,5,0,0
BRDA:66,5,1,0
BRDA:67,6,0,0
BRDA:67,6,1,0
BRDA:88,7,0,0
BRDA:88,7,1,0
BRDA:95,8,0,0
BRDA:95,8,1,0
BRDA:102,9,0,0
BRDA:102,9,1,0
BRDA:105,10,0,0
BRDA:105,10,1,0
BRDA:123,11,0,0
BRDA:123,11,1,0
BRDA:123,12,0,0
BRDA:123,12,1,0
BRDA:123,12,2,0
BRF:28
BRH:0
end_of_record
TN:
SF:src/pages/transaction/data/now-data-transaction/action.js
FN:9,fetchFlow
FN:23,loadFlow
FN:24,(anonymous_2)
FNF:3
FNH:0
FNDA:0,fetchFlow
FNDA:0,loadFlow
FNDA:0,(anonymous_2)
DA:5,0
DA:6,0
DA:7,0
DA:10,0
DA:24,0
DA:25,0
LF:6
LH:0
BRF:0
BRH:0
end_of_record
TN:
SF:src/pages/transaction/data/now-data-transaction/index.js
FNF:0
FNH:0
DA:5,0
LF:1
LH:0
BRF:0
BRH:0
end_of_record
TN:
SF:src/pages/transaction/data/now-data-transaction/model.js
FN:29,getDateToShow
FN:37,getMoneyToShow
FN:54,getItemData
FN:113,getData
FN:127,handleSomeAction
FNF:5
FNH:5
FNDA:2,getDateToShow
FNDA:2,getMoneyToShow
FNDA:2,getItemData
FNDA:2,getData
FNDA:1,handleSomeAction
DA:2,1
DA:19,1
DA:30,2
DA:31,2
DA:32,2
DA:33,2
DA:34,2
DA:38,2
DA:54,2
DA:55,2
DA:70,2
DA:73,2
DA:76,2
DA:79,2
DA:81,1
DA:82,1
DA:83,1
DA:86,0
DA:87,0
DA:88,0
DA:91,1
DA:92,1
DA:93,1
DA:97,2
DA:99,2
DA:113,2
DA:114,2
DA:124,2
DA:128,1
DA:130,1
DA:131,1
DA:132,0
DA:133,0
DA:135,0
DA:138,1
LF:35
LH:29
BRDA:34,0,0,0
BRDA:34,0,1,2
BRDA:34,1,0,0
BRDA:34,1,1,2
BRDA:54,2,0,2
BRDA:54,2,1,0
BRDA:54,3,0,2
BRDA:54,3,1,2
BRDA:66,4,0,2
BRDA:66,4,1,2
BRDA:66,4,2,0
BRDA:80,5,0,1
BRDA:80,5,1,0
BRDA:80,5,2,1
BRDA:91,6,0,1
BRDA:91,6,1,0
BRDA:113,7,0,2
BRDA:113,7,1,0
BRDA:113,8,0,2
BRDA:113,8,1,2
BRDA:116,9,0,2
BRDA:116,9,1,1
BRDA:117,10,0,2
BRDA:117,10,1,0
BRDA:118,11,0,2
BRDA:118,11,1,0
BRDA:128,12,0,1
BRDA:128,12,1,0
BRDA:130,13,0,1
BRDA:130,13,1,0
BRDA:132,14,0,0
BRDA:132,14,1,0
BRF:32
BRH:19
end_of_record
TN:
SF:src/pages/transaction/data/now-data-transaction/reducer.js
FN:13,transactionInfo
FNF:1
FNH:0
FNDA:0,transactionInfo
DA:6,0
DA:14,0
DA:15,0
DA:17,0
DA:19,0
DA:21,0
DA:27,0
DA:29,0
DA:32,0
DA:34,0
DA:37,0
LF:11
LH:0
BRDA:13,0,0,0
BRDA:17,1,0,0
BRDA:17,1,1,0
BRDA:17,1,2,0
BRDA:17,1,3,0
BRDA:37,2,0,0
BRDA:37,2,1,0
BRF:7
BRH:0
end_of_record
TN:
SF:src/reducers/index.js
FNF:0
FNH:0
DA:5,0
LF:1
LH:0
BRF:0
BRH:0
end_of_record
TN:
SF:src/store/index.js
FN:11,(anonymous_0)
FNF:1
FNH:0
FNDA:0,(anonymous_0)
DA:9,0
DA:11,0
LF:2
LH:0
BRF:0
BRH:0
end_of_record
